<?xml version="1.0" encoding="UTF-8"?>
<!-- Generated by org.testng.reporters.JUnitXMLReporter -->
<testsuite ignored="0" hostname="TJ-MB-077.local" failures="2" tests="2" name="Car Name and Price Test" time="14.221" errors="0" timestamp="03 Jul 2023 10:14:12 GMT">
  <testcase classname="testcases.CarNameAndPriceTest" name="carNameAndPrice" time="2.13">
    <failure type="org.openqa.selenium.remote.http.ConnectionFailedException" message="Unable to establish websocket connection to http://localhost:54865/devtools/browser/14cb77af-5355-4312-bef8-baa1f75aad55
Build info: version: &amp;apos;4.0.0&amp;apos;, revision: &amp;apos;3a21814679&amp;apos;
System info: host: &amp;apos;TJ-MB-077.local&amp;apos;, ip: &amp;apos;fe80:0:0:0:c79:360c:bd94:b874%en0&amp;apos;, os.name: &amp;apos;Mac OS X&amp;apos;, os.arch: &amp;apos;x86_64&amp;apos;, os.version: &amp;apos;12.5&amp;apos;, java.version: &amp;apos;11.0.15.1&amp;apos;
Driver info: driver.version: ChromeDriver">
      <![CDATA[org.openqa.selenium.remote.http.ConnectionFailedException: Unable to establish websocket connection to http://localhost:54865/devtools/browser/14cb77af-5355-4312-bef8-baa1f75aad55
Build info: version: '4.0.0', revision: '3a21814679'
System info: host: 'TJ-MB-077.local', ip: 'fe80:0:0:0:c79:360c:bd94:b874%en0', os.name: 'Mac OS X', os.arch: 'x86_64', os.version: '12.5', java.version: '11.0.15.1'
Driver info: driver.version: ChromeDriver
at org.openqa.selenium.remote.http.netty.NettyWebSocket.<init>(NettyWebSocket.java:104)
at org.openqa.selenium.remote.http.netty.NettyWebSocket.lambda$create$3(NettyWebSocket.java:137)
at org.openqa.selenium.remote.http.netty.NettyClient.openSocket(NettyClient.java:127)
at org.openqa.selenium.devtools.Connection.<init>(Connection.java:77)
at org.openqa.selenium.chromium.ChromiumDriver.lambda$new$2(ChromiumDriver.java:124)
at java.base/java.util.Optional.map(Optional.java:265)
at org.openqa.selenium.chromium.ChromiumDriver.<init>(ChromiumDriver.java:122)
at org.openqa.selenium.chrome.ChromeDriver.<init>(ChromeDriver.java:104)
at org.openqa.selenium.chrome.ChromeDriver.<init>(ChromeDriver.java:91)
at org.openqa.selenium.chrome.ChromeDriver.<init>(ChromeDriver.java:80)
at base.BaseTest.setUp(BaseTest.java:87)
at testcases.CarNameAndPriceTest.carNameAndPrice(CarNameAndPriceTest.java:26)
... Removed 25 stack frames]]>
    </failure>
  </testcase> <!-- carNameAndPrice -->
  <testcase classname="testcases.CarNameAndPriceTest" name="carNameAndPrice" time="2.186">
    <failure type="java.lang.NullPointerException">
      <![CDATA[java.lang.NullPointerException
at extentlisteners.ExtentManager.captureScreenshot(ExtentManager.java:54)
at extentlisteners.ExtentListeners.onTestFailure(ExtentListeners.java:59)
... Removed 22 stack frames]]>
    </failure>
  </testcase> <!-- carNameAndPrice -->
</testsuite> <!-- Car Name and Price Test -->
